C:\Program Files (x86)\Microsoft Visual Studio\2017\Community\Common7\IDE\VC\VCTargets\Microsoft.CppBuild.targets(391,5): warning MSB8028: The intermediate directory (Debug\) contains files shared from another project (Win32SimpleSample.vcxproj).  This can lead to incorrect clean and rebuild behavior.
  DisplayChunk.cpp
c:\users\dylan\documents\github\toolsprogramming\wffc-edit\woffcedit\displaychunk.cpp(13): warning C4305: '=': truncation from 'double' to 'float'
c:\users\dylan\documents\github\toolsprogramming\wffc-edit\woffcedit\displaychunk.cpp(14): warning C4244: '=': conversion from 'int' to 'float', possible loss of data
c:\users\dylan\documents\github\toolsprogramming\wffc-edit\woffcedit\displaychunk.cpp(151): warning C4244: 'argument': conversion from 'double' to 'float', possible loss of data
c:\users\dylan\documents\github\toolsprogramming\wffc-edit\woffcedit\displaychunk.cpp(169): warning C4996: 'fopen': This function or variable may be unsafe. Consider using fopen_s instead. To disable deprecation, use _CRT_SECURE_NO_WARNINGS. See online help for details.
  c:\program files (x86)\windows kits\10\include\10.0.10240.0\ucrt\stdio.h(205): note: see declaration of 'fopen'
c:\users\dylan\documents\github\toolsprogramming\wffc-edit\woffcedit\displaychunk.cpp(323): warning C4996: 'fopen': This function or variable may be unsafe. Consider using fopen_s instead. To disable deprecation, use _CRT_SECURE_NO_WARNINGS. See online help for details.
  c:\program files (x86)\windows kits\10\include\10.0.10240.0\ucrt\stdio.h(205): note: see declaration of 'fopen'
c:\users\dylan\documents\github\toolsprogramming\wffc-edit\woffcedit\displaychunk.cpp(996): warning C4018: '<': signed/unsigned mismatch
c:\users\dylan\documents\github\toolsprogramming\wffc-edit\woffcedit\displaychunk.cpp(1010): warning C4018: '<': signed/unsigned mismatch
c:\users\dylan\documents\github\toolsprogramming\wffc-edit\woffcedit\displaychunk.cpp(1337): warning C4018: '<': signed/unsigned mismatch
c:\users\dylan\documents\github\toolsprogramming\wffc-edit\woffcedit\displaychunk.cpp(1391): warning C4018: '<': signed/unsigned mismatch
c:\users\dylan\documents\github\toolsprogramming\wffc-edit\woffcedit\displaychunk.cpp(1397): warning C4018: '<': signed/unsigned mismatch
c:\users\dylan\documents\github\toolsprogramming\wffc-edit\woffcedit\displaychunk.cpp(1358): warning C4101: 'val': unreferenced local variable
c:\users\dylan\documents\github\toolsprogramming\wffc-edit\woffcedit\displaychunk.cpp(1433): warning C4101: 'index4': unreferenced local variable
c:\users\dylan\documents\github\toolsprogramming\wffc-edit\woffcedit\displaychunk.cpp(1433): warning C4101: 'index2': unreferenced local variable
c:\users\dylan\documents\github\toolsprogramming\wffc-edit\woffcedit\displaychunk.cpp(1433): warning C4101: 'index3': unreferenced local variable
c:\users\dylan\documents\github\toolsprogramming\wffc-edit\woffcedit\displaychunk.cpp(1433): warning C4101: 'index1': unreferenced local variable
  Game.cpp
c:\users\dylan\documents\github\toolsprogramming\wffc-edit\woffcedit\game.cpp(121): warning C4244: '=': conversion from 'double' to 'float', possible loss of data
c:\users\dylan\documents\github\toolsprogramming\wffc-edit\woffcedit\game.cpp(228): warning C4018: '<': signed/unsigned mismatch
c:\users\dylan\documents\github\toolsprogramming\wffc-edit\woffcedit\game.cpp(245): warning C4018: '<': signed/unsigned mismatch
c:\users\dylan\documents\github\toolsprogramming\wffc-edit\woffcedit\game.cpp(473): warning C4244: '=': conversion from 'int' to 'float', possible loss of data
c:\users\dylan\documents\github\toolsprogramming\wffc-edit\woffcedit\game.cpp(474): warning C4244: '=': conversion from 'int' to 'float', possible loss of data
c:\users\dylan\documents\github\toolsprogramming\wffc-edit\woffcedit\game.cpp(591): warning C4244: 'argument': conversion from 'double' to 'float', possible loss of data
c:\users\dylan\documents\github\toolsprogramming\wffc-edit\woffcedit\game.cpp(590): warning C4244: 'argument': conversion from 'double' to 'float', possible loss of data
c:\users\dylan\documents\github\toolsprogramming\wffc-edit\woffcedit\game.cpp(589): warning C4244: 'argument': conversion from 'double' to 'float', possible loss of data
c:\users\dylan\documents\github\toolsprogramming\wffc-edit\woffcedit\game.cpp(657): warning C4018: '<': signed/unsigned mismatch
c:\users\dylan\documents\github\toolsprogramming\wffc-edit\woffcedit\game.cpp(667): warning C4018: '<': signed/unsigned mismatch
c:\users\dylan\documents\github\toolsprogramming\wffc-edit\woffcedit\game.cpp(613): warning C4101: 'Buffer': unreferenced local variable
c:\users\dylan\documents\github\toolsprogramming\wffc-edit\woffcedit\game.cpp(1054): warning C4018: '<': signed/unsigned mismatch
c:\users\dylan\documents\github\toolsprogramming\wffc-edit\woffcedit\game.cpp(1062): warning C4244: 'argument': conversion from 'double' to 'float', possible loss of data
c:\users\dylan\documents\github\toolsprogramming\wffc-edit\woffcedit\game.cpp(1061): warning C4244: 'argument': conversion from 'double' to 'float', possible loss of data
c:\users\dylan\documents\github\toolsprogramming\wffc-edit\woffcedit\game.cpp(1068): warning C4244: 'argument': conversion from 'LONG' to 'float', possible loss of data
c:\users\dylan\documents\github\toolsprogramming\wffc-edit\woffcedit\game.cpp(1071): warning C4244: 'argument': conversion from 'LONG' to 'float', possible loss of data
c:\users\dylan\documents\github\toolsprogramming\wffc-edit\woffcedit\game.cpp(1079): warning C4018: '<': signed/unsigned mismatch
c:\users\dylan\documents\github\toolsprogramming\wffc-edit\woffcedit\game.cpp(1153): warning C4244: 'argument': conversion from 'double' to 'float', possible loss of data
c:\users\dylan\documents\github\toolsprogramming\wffc-edit\woffcedit\game.cpp(1152): warning C4244: 'argument': conversion from 'double' to 'float', possible loss of data
c:\users\dylan\documents\github\toolsprogramming\wffc-edit\woffcedit\game.cpp(1159): warning C4244: 'argument': conversion from 'LONG' to 'float', possible loss of data
c:\users\dylan\documents\github\toolsprogramming\wffc-edit\woffcedit\game.cpp(1162): warning C4244: 'argument': conversion from 'LONG' to 'float', possible loss of data
c:\users\dylan\documents\github\toolsprogramming\wffc-edit\woffcedit\game.cpp(1170): warning C4018: '<': signed/unsigned mismatch
c:\users\dylan\documents\github\toolsprogramming\wffc-edit\woffcedit\game.cpp(1260): warning C4018: '<': signed/unsigned mismatch
c:\users\dylan\documents\github\toolsprogramming\wffc-edit\woffcedit\game.cpp(1444): warning C4244: '=': conversion from 'float' to 'int', possible loss of data
c:\users\dylan\documents\github\toolsprogramming\wffc-edit\woffcedit\game.cpp(1445): warning C4244: '=': conversion from 'float' to 'int', possible loss of data
c:\users\dylan\documents\github\toolsprogramming\wffc-edit\woffcedit\game.cpp(1625): warning C4018: '<': signed/unsigned mismatch
  MFCFrame.cpp
  _WIN32_WINNT not defined. Defaulting to _WIN32_WINNT_MAXVER (see WinSDKVer.h)
  MFCMain.cpp
  _WIN32_WINNT not defined. Defaulting to _WIN32_WINNT_MAXVER (see WinSDKVer.h)
c:\users\dylan\documents\github\toolsprogramming\wffc-edit\woffcedit\mfcmain.cpp(90): warning C4018: '<': signed/unsigned mismatch
c:\users\dylan\documents\github\toolsprogramming\wffc-edit\woffcedit\mfcmain.cpp(101): warning C4018: '<': signed/unsigned mismatch
c:\users\dylan\documents\github\toolsprogramming\wffc-edit\woffcedit\mfcmain.cpp(112): warning C4018: '<': signed/unsigned mismatch
  Main.cpp
  _WIN32_WINNT not defined. Defaulting to _WIN32_WINNT_MAXVER (see WinSDKVer.h)
  ToolMain.cpp
  _WIN32_WINNT not defined. Defaulting to _WIN32_WINNT_MAXVER (see WinSDKVer.h)
c:\users\dylan\documents\github\toolsprogramming\wffc-edit\woffcedit\toolmain.cpp(127): warning C4244: '=': conversion from 'double' to 'float', possible loss of data
c:\users\dylan\documents\github\toolsprogramming\wffc-edit\woffcedit\toolmain.cpp(128): warning C4244: '=': conversion from 'double' to 'float', possible loss of data
c:\users\dylan\documents\github\toolsprogramming\wffc-edit\woffcedit\toolmain.cpp(129): warning C4244: '=': conversion from 'double' to 'float', possible loss of data
c:\users\dylan\documents\github\toolsprogramming\wffc-edit\woffcedit\toolmain.cpp(130): warning C4244: '=': conversion from 'double' to 'float', possible loss of data
c:\users\dylan\documents\github\toolsprogramming\wffc-edit\woffcedit\toolmain.cpp(131): warning C4244: '=': conversion from 'double' to 'float', possible loss of data
c:\users\dylan\documents\github\toolsprogramming\wffc-edit\woffcedit\toolmain.cpp(132): warning C4244: '=': conversion from 'double' to 'float', possible loss of data
c:\users\dylan\documents\github\toolsprogramming\wffc-edit\woffcedit\toolmain.cpp(133): warning C4244: '=': conversion from 'double' to 'float', possible loss of data
c:\users\dylan\documents\github\toolsprogramming\wffc-edit\woffcedit\toolmain.cpp(134): warning C4244: '=': conversion from 'double' to 'float', possible loss of data
c:\users\dylan\documents\github\toolsprogramming\wffc-edit\woffcedit\toolmain.cpp(135): warning C4244: '=': conversion from 'double' to 'float', possible loss of data
c:\users\dylan\documents\github\toolsprogramming\wffc-edit\woffcedit\toolmain.cpp(147): warning C4244: '=': conversion from 'double' to 'float', possible loss of data
c:\users\dylan\documents\github\toolsprogramming\wffc-edit\woffcedit\toolmain.cpp(148): warning C4244: '=': conversion from 'double' to 'float', possible loss of data
c:\users\dylan\documents\github\toolsprogramming\wffc-edit\woffcedit\toolmain.cpp(149): warning C4244: '=': conversion from 'double' to 'float', possible loss of data
c:\users\dylan\documents\github\toolsprogramming\wffc-edit\woffcedit\toolmain.cpp(153): warning C4244: '=': conversion from 'double' to 'float', possible loss of data
c:\users\dylan\documents\github\toolsprogramming\wffc-edit\woffcedit\toolmain.cpp(154): warning C4244: '=': conversion from 'double' to 'float', possible loss of data
c:\users\dylan\documents\github\toolsprogramming\wffc-edit\woffcedit\toolmain.cpp(155): warning C4244: '=': conversion from 'int' to 'float', possible loss of data
c:\users\dylan\documents\github\toolsprogramming\wffc-edit\woffcedit\toolmain.cpp(159): warning C4244: '=': conversion from 'double' to 'int', possible loss of data
c:\users\dylan\documents\github\toolsprogramming\wffc-edit\woffcedit\toolmain.cpp(160): warning C4244: '=': conversion from 'double' to 'int', possible loss of data
c:\users\dylan\documents\github\toolsprogramming\wffc-edit\woffcedit\toolmain.cpp(170): warning C4244: '=': conversion from 'double' to 'float', possible loss of data
c:\users\dylan\documents\github\toolsprogramming\wffc-edit\woffcedit\toolmain.cpp(171): warning C4244: '=': conversion from 'double' to 'float', possible loss of data
c:\users\dylan\documents\github\toolsprogramming\wffc-edit\woffcedit\toolmain.cpp(172): warning C4244: '=': conversion from 'double' to 'float', possible loss of data
c:\users\dylan\documents\github\toolsprogramming\wffc-edit\woffcedit\toolmain.cpp(173): warning C4244: '=': conversion from 'double' to 'float', possible loss of data
c:\users\dylan\documents\github\toolsprogramming\wffc-edit\woffcedit\toolmain.cpp(174): warning C4244: '=': conversion from 'double' to 'float', possible loss of data
c:\users\dylan\documents\github\toolsprogramming\wffc-edit\woffcedit\toolmain.cpp(175): warning C4244: '=': conversion from 'double' to 'float', possible loss of data
c:\users\dylan\documents\github\toolsprogramming\wffc-edit\woffcedit\toolmain.cpp(176): warning C4244: '=': conversion from 'double' to 'float', possible loss of data
c:\users\dylan\documents\github\toolsprogramming\wffc-edit\woffcedit\toolmain.cpp(177): warning C4244: '=': conversion from 'double' to 'float', possible loss of data
c:\users\dylan\documents\github\toolsprogramming\wffc-edit\woffcedit\toolmain.cpp(178): warning C4244: '=': conversion from 'double' to 'float', possible loss of data
c:\users\dylan\documents\github\toolsprogramming\wffc-edit\woffcedit\toolmain.cpp(179): warning C4244: '=': conversion from 'double' to 'float', possible loss of data
c:\users\dylan\documents\github\toolsprogramming\wffc-edit\woffcedit\toolmain.cpp(426): warning C4244: '=': conversion from 'int' to 'float', possible loss of data
c:\users\dylan\documents\github\toolsprogramming\wffc-edit\woffcedit\toolmain.cpp(427): warning C4244: '=': conversion from 'int' to 'float', possible loss of data
  Generating Code...
c:\users\dylan\documents\github\toolsprogramming\wffc-edit\woffcedit\game.cpp(1175): warning C4715: 'Game::ObjectIntersection': not all control paths return a value
  Win32SimpleSample.vcxproj -> C:\Users\dylan\Documents\GitHub\ToolsProgramming\WFFC-Edit\WOFFCEdit\Debug\WoFEdit.exe
